\BOOKMARK [0][-]{chapter*.1}{Preface}{}% 1
\BOOKMARK [1][-]{section.0.1}{Can modeling be taught?}{chapter*.1}% 2
\BOOKMARK [1][-]{section.0.2}{How much programming do I need?}{chapter*.1}% 3
\BOOKMARK [1][-]{section.0.3}{How much math and science do I need?}{chapter*.1}% 4
\BOOKMARK [1][-]{section.0.4}{Getting started}{chapter*.1}% 5
\BOOKMARK [1][-]{section.0.5}{Installing Python and the libraries}{chapter*.1}% 6
\BOOKMARK [1][-]{section.0.6}{Copying my files}{chapter*.1}% 7
\BOOKMARK [1][-]{section.0.7}{Running Jupyter}{chapter*.1}% 8
\BOOKMARK [0][-]{chapter.1}{Modeling}{}% 9
\BOOKMARK [1][-]{section.1.1}{The falling penny myth}{chapter.1}% 10
\BOOKMARK [1][-]{section.1.2}{Computation}{chapter.1}% 11
\BOOKMARK [1][-]{section.1.3}{Modeling a bike share system}{chapter.1}% 12
\BOOKMARK [1][-]{section.1.4}{Plotting}{chapter.1}% 13
\BOOKMARK [1][-]{section.1.5}{Defining functions}{chapter.1}% 14
\BOOKMARK [1][-]{section.1.6}{Parameters}{chapter.1}% 15
\BOOKMARK [1][-]{section.1.7}{Print statements}{chapter.1}% 16
\BOOKMARK [1][-]{section.1.8}{If statements}{chapter.1}% 17
\BOOKMARK [1][-]{section.1.9}{Optional parameters}{chapter.1}% 18
\BOOKMARK [1][-]{section.1.10}{For loops}{chapter.1}% 19
\BOOKMARK [1][-]{section.1.11}{Debugging}{chapter.1}% 20
\BOOKMARK [0][-]{chapter.2}{Simulation}{}% 21
\BOOKMARK [1][-]{section.2.1}{Iterative modeling}{chapter.2}% 22
\BOOKMARK [1][-]{section.2.2}{More than one System object}{chapter.2}% 23
\BOOKMARK [1][-]{section.2.3}{Documentation}{chapter.2}% 24
\BOOKMARK [1][-]{section.2.4}{Negative bikes}{chapter.2}% 25
\BOOKMARK [1][-]{section.2.5}{Comparison operators}{chapter.2}% 26
\BOOKMARK [1][-]{section.2.6}{Metrics}{chapter.2}% 27
\BOOKMARK [1][-]{section.2.7}{Functions that return values}{chapter.2}% 28
\BOOKMARK [1][-]{section.2.8}{Two kinds of parameters}{chapter.2}% 29
\BOOKMARK [1][-]{section.2.9}{Loops and arrays}{chapter.2}% 30
\BOOKMARK [1][-]{section.2.10}{Sweeping parameters}{chapter.2}% 31
\BOOKMARK [1][-]{section.2.11}{Debugging}{chapter.2}% 32
\BOOKMARK [0][-]{chapter.3}{Explanation}{}% 33
\BOOKMARK [1][-]{section.3.1}{World population data}{chapter.3}% 34
\BOOKMARK [1][-]{section.3.2}{Series}{chapter.3}% 35
\BOOKMARK [1][-]{section.3.3}{Constant growth model}{chapter.3}% 36
\BOOKMARK [1][-]{section.3.4}{Simulation}{chapter.3}% 37
\BOOKMARK [1][-]{section.3.5}{Now with System objects}{chapter.3}% 38
\BOOKMARK [1][-]{section.3.6}{Proportional growth model}{chapter.3}% 39
\BOOKMARK [1][-]{section.3.7}{Factoring out the update function}{chapter.3}% 40
\BOOKMARK [1][-]{section.3.8}{Combining birth and death}{chapter.3}% 41
\BOOKMARK [1][-]{section.3.9}{Quadratic growth}{chapter.3}% 42
\BOOKMARK [1][-]{section.3.10}{Equilibrium}{chapter.3}% 43
\BOOKMARK [0][-]{chapter.4}{Prediction}{}% 44
\BOOKMARK [1][-]{section.4.1}{Generating projections}{chapter.4}% 45
\BOOKMARK [1][-]{section.4.2}{Comparing projections}{chapter.4}% 46
\BOOKMARK [1][-]{section.4.3}{Recurrence relations}{chapter.4}% 47
\BOOKMARK [1][-]{section.4.4}{Differential equations}{chapter.4}% 48
\BOOKMARK [1][-]{section.4.5}{Analysis and simulation}{chapter.4}% 49
\BOOKMARK [1][-]{section.4.6}{Analysis with WolframAlpha}{chapter.4}% 50
\BOOKMARK [1][-]{section.4.7}{Analysis with SymPy}{chapter.4}% 51
\BOOKMARK [1][-]{section.4.8}{Differential equations in SymPy}{chapter.4}% 52
\BOOKMARK [1][-]{section.4.9}{Solving the quadratic growth model}{chapter.4}% 53
\BOOKMARK [1][-]{section.4.10}{Summary}{chapter.4}% 54
\BOOKMARK [0][-]{chapter.5}{Design}{}% 55
\BOOKMARK [1][-]{section.5.1}{The Freshman Plague}{chapter.5}% 56
\BOOKMARK [1][-]{section.5.2}{The SIR model}{chapter.5}% 57
\BOOKMARK [1][-]{section.5.3}{The SIR equations}{chapter.5}% 58
\BOOKMARK [1][-]{section.5.4}{Implementation}{chapter.5}% 59
\BOOKMARK [1][-]{section.5.5}{The update function}{chapter.5}% 60
\BOOKMARK [1][-]{section.5.6}{Running the simulation}{chapter.5}% 61
\BOOKMARK [1][-]{section.5.7}{Collecting the results}{chapter.5}% 62
\BOOKMARK [1][-]{section.5.8}{Now with a TimeFrame}{chapter.5}% 63
\BOOKMARK [1][-]{section.5.9}{Metrics}{chapter.5}% 64
\BOOKMARK [1][-]{section.5.10}{Immunization}{chapter.5}% 65
\BOOKMARK [1][-]{section.5.11}{Hand washing}{chapter.5}% 66
\BOOKMARK [1][-]{section.5.12}{Optimization}{chapter.5}% 67
\BOOKMARK [0][-]{chapter.6}{Analysis}{}% 68
\BOOKMARK [1][-]{section.6.1}{Unpack}{chapter.6}% 69
\BOOKMARK [1][-]{section.6.2}{Sweeping beta}{chapter.6}% 70
\BOOKMARK [1][-]{section.6.3}{Sweeping gamma}{chapter.6}% 71
\BOOKMARK [1][-]{section.6.4}{Nondimensionalization}{chapter.6}% 72
\BOOKMARK [1][-]{section.6.5}{Contact number}{chapter.6}% 73
\BOOKMARK [1][-]{section.6.6}{Analysis and simulation}{chapter.6}% 74
\BOOKMARK [0][-]{chapter.7}{Thermal systems}{}% 75
\BOOKMARK [1][-]{section.7.1}{The coffee cooling problem}{chapter.7}% 76
\BOOKMARK [1][-]{section.7.2}{Temperature and heat}{chapter.7}% 77
\BOOKMARK [1][-]{section.7.3}{Heat transfer}{chapter.7}% 78
\BOOKMARK [1][-]{section.7.4}{Newton's law of cooling}{chapter.7}% 79
\BOOKMARK [1][-]{section.7.5}{Implementation}{chapter.7}% 80
\BOOKMARK [1][-]{section.7.6}{Using fsolve}{chapter.7}% 81
\BOOKMARK [1][-]{section.7.7}{Mixing liquids}{chapter.7}% 82
\BOOKMARK [1][-]{section.7.8}{Mix first or last?}{chapter.7}% 83
\BOOKMARK [1][-]{section.7.9}{Optimization}{chapter.7}% 84
\BOOKMARK [1][-]{section.7.10}{Analysis}{chapter.7}% 85
\BOOKMARK [0][-]{chapter.8}{Pharmacokinetics}{}% 86
\BOOKMARK [1][-]{section.8.1}{The glucose-insulin system}{chapter.8}% 87
\BOOKMARK [1][-]{section.8.2}{The glucose minimal model}{chapter.8}% 88
\BOOKMARK [1][-]{section.8.3}{Data}{chapter.8}% 89
\BOOKMARK [1][-]{section.8.4}{Interpolation}{chapter.8}% 90
\BOOKMARK [1][-]{section.8.5}{Implementation}{chapter.8}% 91
\BOOKMARK [1][-]{section.8.6}{Numerical solution of differential equations}{chapter.8}% 92
\BOOKMARK [1][-]{section.8.7}{Least squares}{chapter.8}% 93
\BOOKMARK [1][-]{section.8.8}{Interpreting parameters}{chapter.8}% 94
\BOOKMARK [1][-]{section.8.9}{The insulin minimal model}{chapter.8}% 95
\BOOKMARK [0][-]{chapter.9}{Projectiles}{}% 96
\BOOKMARK [1][-]{section.9.1}{Newton's second law of motion}{chapter.9}% 97
\BOOKMARK [1][-]{section.9.2}{Dropping pennies}{chapter.9}% 98
\BOOKMARK [1][-]{section.9.3}{Onto the sidewalk}{chapter.9}% 99
\BOOKMARK [1][-]{section.9.4}{With air resistance}{chapter.9}% 100
\BOOKMARK [1][-]{section.9.5}{Implementation}{chapter.9}% 101
\BOOKMARK [1][-]{section.9.6}{Dropping quarters}{chapter.9}% 102
\BOOKMARK [0][-]{chapter.10}{Two dimensions}{}% 103
\BOOKMARK [1][-]{section.10.1}{The Manny Ramirez problem}{chapter.10}% 104
\BOOKMARK [1][-]{section.10.2}{Vectors}{chapter.10}% 105
\BOOKMARK [1][-]{section.10.3}{Modeling baseball flight}{chapter.10}% 106
\BOOKMARK [1][-]{section.10.4}{Trajectories}{chapter.10}% 107
\BOOKMARK [1][-]{section.10.5}{Finding the range}{chapter.10}% 108
\BOOKMARK [1][-]{section.10.6}{Optimization}{chapter.10}% 109
\BOOKMARK [1][-]{section.10.7}{Finishing off the problem}{chapter.10}% 110
\BOOKMARK [0][-]{chapter.11}{Rotation}{}% 111
\BOOKMARK [1][-]{section.11.1}{The physics of toilet paper}{chapter.11}% 112
\BOOKMARK [1][-]{section.11.2}{Implementation}{chapter.11}% 113
\BOOKMARK [1][-]{section.11.3}{Analysis}{chapter.11}% 114
\BOOKMARK [1][-]{section.11.4}{Torque}{chapter.11}% 115
\BOOKMARK [1][-]{section.11.5}{Moment of inertia}{chapter.11}% 116
\BOOKMARK [1][-]{section.11.6}{Unrolling}{chapter.11}% 117
\BOOKMARK [1][-]{section.11.7}{Simulating a yo-yo}{chapter.11}% 118
\BOOKMARK [0][-]{chapter*.3}{Index}{}% 119
